2016-04-06T07:17:07.371Z WSH-3290 04-06 15:17:07.371  1669  1726 W ActivityManager: java.lang.NullPointerException: Attempt to invoke virtual method 'boolean java.lang.String.equals(java.lang.Object)' on a null object reference
2016-04-06T07:17:07.371Z WSH-3290 04-06 15:17:07.371  1669  1726 W ActivityManager: 	at com.android.server.am.ActivityManagerService.isSkipAction(ActivityManagerService.java:15610)
2016-04-06T07:17:07.371Z WSH-3290 04-06 15:17:07.371  1669  1726 W ActivityManager: 	at com.android.server.am.ActivityManagerService.broadcastIntentLocked(ActivityManagerService.java:16061)
2016-04-06T07:17:07.371Z WSH-3290 04-06 15:17:07.371  1669  1726 W ActivityManager: 	at com.android.server.am.ActivityManagerService.broadcastIntentInPackage(ActivityManagerService.java:16222)
2016-04-06T07:17:07.371Z WSH-3290 04-06 15:17:07.371  1669  1726 W ActivityManager: 	at com.android.server.am.PendingIntentRecord.sendInner(PendingIntentRecord.java:272)
2016-04-06T07:17:07.371Z WSH-3290 04-06 15:17:07.371  1669  1726 W ActivityManager: 	at com.android.server.am.PendingIntentRecord.send(PendingIntentRecord.java:195)
2016-04-06T07:17:07.371Z WSH-3290 04-06 15:17:07.371  1669  1726 W ActivityManager: 	at android.app.PendingIntent.send(PendingIntent.java:733)
2016-04-06T07:17:07.371Z WSH-3290 04-06 15:17:07.371  1669  1726 W ActivityManager: 	at android.app.PendingIntent.send(PendingIntent.java:687)
2016-04-06T07:17:07.371Z WSH-3290 04-06 15:17:07.371  1669  1726 W ActivityManager: 	at com.android.server.AlarmManagerService.deliverAlarmsLocked(AlarmManagerService.java:1626)
2016-04-06T07:17:07.371Z WSH-3290 04-06 15:17:07.371  1669  1726 W ActivityManager: 	at com.android.server.AlarmManagerService$AlarmThread.run(AlarmManagerService.java:1772)
2016-04-07T07:17:41.278Z WSH-3290 04-07 15:17:41.278  1669  1726 W ActivityManager: java.lang.NullPointerException: Attempt to invoke virtual method 'boolean java.lang.String.equals(java.lang.Object)' on a null object reference
2016-04-07T07:17:41.278Z WSH-3290 04-07 15:17:41.278  1669  1726 W ActivityManager: 	at com.android.server.am.ActivityManagerService.isSkipAction(ActivityManagerService.java:15610)
2016-04-07T07:17:41.278Z WSH-3290 04-07 15:17:41.278  1669  1726 W ActivityManager: 	at com.android.server.am.ActivityManagerService.broadcastIntentLocked(ActivityManagerService.java:16061)
2016-04-07T07:17:41.278Z WSH-3290 04-07 15:17:41.278  1669  1726 W ActivityManager: 	at com.android.server.am.ActivityManagerService.broadcastIntentInPackage(ActivityManagerService.java:16222)
2016-04-07T07:17:41.278Z WSH-3290 04-07 15:17:41.278  1669  1726 W ActivityManager: 	at com.android.server.am.PendingIntentRecord.sendInner(PendingIntentRecord.java:272)
2016-04-07T07:17:41.278Z WSH-3290 04-07 15:17:41.278  1669  1726 W ActivityManager: 	at com.android.server.am.PendingIntentRecord.send(PendingIntentRecord.java:195)
2016-04-07T07:17:41.278Z WSH-3290 04-07 15:17:41.278  1669  1726 W ActivityManager: 	at android.app.PendingIntent.send(PendingIntent.java:733)
2016-04-07T07:17:41.278Z WSH-3290 04-07 15:17:41.278  1669  1726 W ActivityManager: 	at android.app.PendingIntent.send(PendingIntent.java:687)
2016-04-07T07:17:41.278Z WSH-3290 04-07 15:17:41.278  1669  1726 W ActivityManager: 	at com.android.server.AlarmManagerService.deliverAlarmsLocked(AlarmManagerService.java:1626)
2016-04-07T07:17:41.278Z WSH-3290 04-07 15:17:41.278  1669  1726 W ActivityManager: 	at com.android.server.AlarmManagerService$AlarmThread.run(AlarmManagerService.java:1772)
2016-04-06T07:17:07.371Z WSH-3290 04-06 15:17:07.371  1669  1726 W ActivityManager: java.lang.NullPointerException: Attempt to invoke virtual method 'boolean java.lang.String.equals(java.lang.Object)' on a null object reference
2016-04-06T07:17:07.371Z WSH-3290 04-06 15:17:07.371  1669  1726 W ActivityManager: 	at com.android.server.am.ActivityManagerService.isSkipAction(ActivityManagerService.java:15610)
2016-04-06T07:17:07.371Z WSH-3290 04-06 15:17:07.371  1669  1726 W ActivityManager: 	at com.android.server.am.ActivityManagerService.broadcastIntentLocked(ActivityManagerService.java:16061)
2016-04-06T07:17:07.371Z WSH-3290 04-06 15:17:07.371  1669  1726 W ActivityManager: 	at com.android.server.am.ActivityManagerService.broadcastIntentInPackage(ActivityManagerService.java:16222)
2016-04-06T07:17:07.371Z WSH-3290 04-06 15:17:07.371  1669  1726 W ActivityManager: 	at com.android.server.am.PendingIntentRecord.sendInner(PendingIntentRecord.java:272)
2016-04-06T07:17:07.371Z WSH-3290 04-06 15:17:07.371  1669  1726 W ActivityManager: 	at com.android.server.am.PendingIntentRecord.send(PendingIntentRecord.java:195)
2016-04-06T07:17:07.371Z WSH-3290 04-06 15:17:07.371  1669  1726 W ActivityManager: 	at android.app.PendingIntent.send(PendingIntent.java:733)
2016-04-06T07:17:07.371Z WSH-3290 04-06 15:17:07.371  1669  1726 W ActivityManager: 	at android.app.PendingIntent.send(PendingIntent.java:687)
2016-04-06T07:17:07.371Z WSH-3290 04-06 15:17:07.371  1669  1726 W ActivityManager: 	at com.android.server.AlarmManagerService.deliverAlarmsLocked(AlarmManagerService.java:1626)
2016-04-06T07:17:07.371Z WSH-3290 04-06 15:17:07.371  1669  1726 W ActivityManager: 	at com.android.server.AlarmManagerService$AlarmThread.run(AlarmManagerService.java:1772)
2016-04-06T07:17:07.371Z WSH-3290 04-06 15:17:07.371  1669  1726 W ActivityManager: java.lang.NullPointerException: Attempt to invoke virtual method 'boolean java.lang.String.equals(java.lang.Object)' on a null object reference
2016-04-06T07:17:07.371Z WSH-3290 04-06 15:17:07.371  1669  1726 W ActivityManager: 	at com.android.server.am.ActivityManagerService.isSkipAction(ActivityManagerService.java:15610)
2016-04-06T07:17:07.371Z WSH-3290 04-06 15:17:07.371  1669  1726 W ActivityManager: 	at com.android.server.am.ActivityManagerService.broadcastIntentLocked(ActivityManagerService.java:16061)
2016-04-06T07:17:07.371Z WSH-3290 04-06 15:17:07.371  1669  1726 W ActivityManager: 	at com.android.server.am.ActivityManagerService.broadcastIntentInPackage(ActivityManagerService.java:16222)
2016-04-06T07:17:07.371Z WSH-3290 04-06 15:17:07.371  1669  1726 W ActivityManager: 	at com.android.server.am.PendingIntentRecord.sendInner(PendingIntentRecord.java:272)
2016-04-06T07:17:07.371Z WSH-3290 04-06 15:17:07.371  1669  1726 W ActivityManager: 	at com.android.server.am.PendingIntentRecord.send(PendingIntentRecord.java:195)
2016-04-06T07:17:07.371Z WSH-3290 04-06 15:17:07.371  1669  1726 W ActivityManager: 	at android.app.PendingIntent.send(PendingIntent.java:733)
2016-04-06T07:17:07.371Z WSH-3290 04-06 15:17:07.371  1669  1726 W ActivityManager: 	at android.app.PendingIntent.send(PendingIntent.java:687)
2016-04-06T07:17:07.371Z WSH-3290 04-06 15:17:07.371  1669  1726 W ActivityManager: 	at com.android.server.AlarmManagerService.deliverAlarmsLocked(AlarmManagerService.java:1626)
2016-04-06T07:17:07.371Z WSH-3290 04-06 15:17:07.371  1669  1726 W ActivityManager: 	at com.android.server.AlarmManagerService$AlarmThread.run(AlarmManagerService.java:1772)
2016-04-06T07:17:07.371Z WSH-3290 04-06 15:17:07.371  1669  1726 W ActivityManager: java.lang.NullPointerException: Attempt to invoke virtual method 'boolean java.lang.String.equals(java.lang.Object)' on a null object reference
2016-04-06T07:17:07.371Z WSH-3290 04-06 15:17:07.371  1669  1726 W ActivityManager: 	at com.android.server.am.ActivityManagerService.isSkipAction(ActivityManagerService.java:15610)
2016-04-06T07:17:07.371Z WSH-3290 04-06 15:17:07.371  1669  1726 W ActivityManager: 	at com.android.server.am.ActivityManagerService.broadcastIntentLocked(ActivityManagerService.java:16061)
2016-04-06T07:17:07.371Z WSH-3290 04-06 15:17:07.371  1669  1726 W ActivityManager: 	at com.android.server.am.ActivityManagerService.broadcastIntentInPackage(ActivityManagerService.java:16222)
2016-04-06T07:17:07.371Z WSH-3290 04-06 15:17:07.371  1669  1726 W ActivityManager: 	at com.android.server.am.PendingIntentRecord.sendInner(PendingIntentRecord.java:272)
2016-04-06T07:17:07.371Z WSH-3290 04-06 15:17:07.371  1669  1726 W ActivityManager: 	at com.android.server.am.PendingIntentRecord.send(PendingIntentRecord.java:195)
2016-04-06T07:17:07.371Z WSH-3290 04-06 15:17:07.371  1669  1726 W ActivityManager: 	at android.app.PendingIntent.send(PendingIntent.java:733)
2016-04-06T07:17:07.371Z WSH-3290 04-06 15:17:07.371  1669  1726 W ActivityManager: 	at android.app.PendingIntent.send(PendingIntent.java:687)
2016-04-06T07:17:07.371Z WSH-3290 04-06 15:17:07.371  1669  1726 W ActivityManager: 	at com.android.server.AlarmManagerService.deliverAlarmsLocked(AlarmManagerService.java:1626)
2016-04-06T07:17:07.371Z WSH-3290 04-06 15:17:07.371  1669  1726 W ActivityManager: 	at com.android.server.AlarmManagerService$AlarmThread.run(AlarmManagerService.java:1772)
2016-04-07T07:17:41.278Z WSH-3290 04-07 15:17:41.278  1669  1726 W ActivityManager: java.lang.NullPointerException: Attempt to invoke virtual method 'boolean java.lang.String.equals(java.lang.Object)' on a null object reference
2016-04-07T07:17:41.278Z WSH-3290 04-07 15:17:41.278  1669  1726 W ActivityManager: 	at com.android.server.am.ActivityManagerService.isSkipAction(ActivityManagerService.java:15610)
2016-04-07T07:17:41.278Z WSH-3290 04-07 15:17:41.278  1669  1726 W ActivityManager: 	at com.android.server.am.ActivityManagerService.broadcastIntentLocked(ActivityManagerService.java:16061)
2016-04-07T07:17:41.278Z WSH-3290 04-07 15:17:41.278  1669  1726 W ActivityManager: 	at com.android.server.am.ActivityManagerService.broadcastIntentInPackage(ActivityManagerService.java:16222)
2016-04-07T07:17:41.278Z WSH-3290 04-07 15:17:41.278  1669  1726 W ActivityManager: 	at com.android.server.am.PendingIntentRecord.sendInner(PendingIntentRecord.java:272)
2016-04-07T07:17:41.278Z WSH-3290 04-07 15:17:41.278  1669  1726 W ActivityManager: 	at com.android.server.am.PendingIntentRecord.send(PendingIntentRecord.java:195)
2016-04-07T07:17:41.278Z WSH-3290 04-07 15:17:41.278  1669  1726 W ActivityManager: 	at android.app.PendingIntent.send(PendingIntent.java:733)
2016-04-07T07:17:41.278Z WSH-3290 04-07 15:17:41.278  1669  1726 W ActivityManager: 	at android.app.PendingIntent.send(PendingIntent.java:687)
2016-04-07T07:17:41.278Z WSH-3290 04-07 15:17:41.278  1669  1726 W ActivityManager: 	at com.android.server.AlarmManagerService.deliverAlarmsLocked(AlarmManagerService.java:1626)
2016-04-07T07:17:41.278Z WSH-3290 04-07 15:17:41.278  1669  1726 W ActivityManager: 	at com.android.server.AlarmManagerService$AlarmThread.run(AlarmManagerService.java:1772)
2016-04-06T06:17:07.371Z WSH-3290 04-06 15:17:07.371  1669  1726 W ActivityManager: java.lang.NullPointerException: Attempt to invoke virtual method 'boolean java.lang.String.equals(java.lang.Object)' on a null object reference
2016-04-06T06:17:07.371Z WSH-3290 04-06 15:17:07.371  1669  1726 W ActivityManager: 	at com.android.server.am.ActivityManagerService.isSkipAction(ActivityManagerService.java:15610)
2016-04-06T06:17:07.371Z WSH-3290 04-06 15:17:07.371  1669  1726 W ActivityManager: 	at com.android.server.am.ActivityManagerService.broadcastIntentLocked(ActivityManagerService.java:16061)
2016-04-06T06:17:07.371Z WSH-3290 04-06 15:17:07.371  1669  1726 W ActivityManager: 	at com.android.server.am.ActivityManagerService.broadcastIntentInPackage(ActivityManagerService.java:16222)
2016-04-06T06:17:07.371Z WSH-3290 04-06 15:17:07.371  1669  1726 W ActivityManager: 	at com.android.server.am.PendingIntentRecord.sendInner(PendingIntentRecord.java:272)
2016-04-06T06:17:07.371Z WSH-3290 04-06 15:17:07.371  1669  1726 W ActivityManager: 	at com.android.server.am.PendingIntentRecord.send(PendingIntentRecord.java:195)
2016-04-06T06:17:07.371Z WSH-3290 04-06 15:17:07.371  1669  1726 W ActivityManager: 	at android.app.PendingIntent.send(PendingIntent.java:733)
2016-04-06T06:17:07.371Z WSH-3290 04-06 15:17:07.371  1669  1726 W ActivityManager: 	at android.app.PendingIntent.send(PendingIntent.java:687)
2016-04-06T06:17:07.371Z WSH-3290 04-06 15:17:07.371  1669  1726 W ActivityManager: 	at com.android.server.AlarmManagerService.deliverAlarmsLocked(AlarmManagerService.java:1626)
2016-04-06T06:17:07.371Z WSH-3290 04-06 15:17:07.371  1669  1726 W ActivityManager: 	at com.android.server.AlarmManagerService$AlarmThread.run(AlarmManagerService.java:1772)
2016-04-06T06:17:07.371Z WSH-3290 04-06 15:17:07.371  1669  1726 W ActivityManager: java.lang.NullPointerException: Attempt to invoke virtual method 'boolean java.lang.String.equals(java.lang.Object)' on a null object reference
2016-04-06T06:17:07.371Z WSH-3290 04-06 15:17:07.371  1669  1726 W ActivityManager: 	at com.android.server.am.ActivityManagerService.isSkipAction(ActivityManagerService.java:15610)
2016-04-06T06:17:07.371Z WSH-3290 04-06 15:17:07.371  1669  1726 W ActivityManager: 	at com.android.server.am.ActivityManagerService.broadcastIntentLocked(ActivityManagerService.java:16061)
2016-04-06T06:17:07.371Z WSH-3290 04-06 15:17:07.371  1669  1726 W ActivityManager: 	at com.android.server.am.ActivityManagerService.broadcastIntentInPackage(ActivityManagerService.java:16222)
2016-04-06T06:17:07.371Z WSH-3290 04-06 15:17:07.371  1669  1726 W ActivityManager: 	at com.android.server.am.PendingIntentRecord.sendInner(PendingIntentRecord.java:272)
2016-04-06T06:17:07.371Z WSH-3290 04-06 15:17:07.371  1669  1726 W ActivityManager: 	at com.android.server.am.PendingIntentRecord.send(PendingIntentRecord.java:195)
2016-04-06T06:17:07.371Z WSH-3290 04-06 15:17:07.371  1669  1726 W ActivityManager: 	at android.app.PendingIntent.send(PendingIntent.java:733)
2016-04-06T06:17:07.371Z WSH-3290 04-06 15:17:07.371  1669  1726 W ActivityManager: 	at android.app.PendingIntent.send(PendingIntent.java:687)
2016-04-06T06:17:07.371Z WSH-3290 04-06 15:17:07.371  1669  1726 W ActivityManager: 	at com.android.server.AlarmManagerService.deliverAlarmsLocked(AlarmManagerService.java:1626)
2016-04-06T06:17:07.371Z WSH-3290 04-06 15:17:07.371  1669  1726 W ActivityManager: 	at com.android.server.AlarmManagerService$AlarmThread.run(AlarmManagerService.java:1772)
2016-04-07T06:17:41.278Z WSH-3290 04-07 15:17:41.278  1669  1726 W ActivityManager: java.lang.NullPointerException: Attempt to invoke virtual method 'boolean java.lang.String.equals(java.lang.Object)' on a null object reference
2016-04-07T06:17:41.278Z WSH-3290 04-07 15:17:41.278  1669  1726 W ActivityManager: 	at com.android.server.am.ActivityManagerService.isSkipAction(ActivityManagerService.java:15610)
2016-04-07T06:17:41.278Z WSH-3290 04-07 15:17:41.278  1669  1726 W ActivityManager: 	at com.android.server.am.ActivityManagerService.broadcastIntentLocked(ActivityManagerService.java:16061)
2016-04-07T06:17:41.278Z WSH-3290 04-07 15:17:41.278  1669  1726 W ActivityManager: 	at com.android.server.am.ActivityManagerService.broadcastIntentInPackage(ActivityManagerService.java:16222)
2016-04-07T06:17:41.278Z WSH-3290 04-07 15:17:41.278  1669  1726 W ActivityManager: 	at com.android.server.am.PendingIntentRecord.sendInner(PendingIntentRecord.java:272)
2016-04-07T06:17:41.278Z WSH-3290 04-07 15:17:41.278  1669  1726 W ActivityManager: 	at com.android.server.am.PendingIntentRecord.send(PendingIntentRecord.java:195)
2016-04-07T06:17:41.278Z WSH-3290 04-07 15:17:41.278  1669  1726 W ActivityManager: 	at android.app.PendingIntent.send(PendingIntent.java:733)
2016-04-07T06:17:41.278Z WSH-3290 04-07 15:17:41.278  1669  1726 W ActivityManager: 	at android.app.PendingIntent.send(PendingIntent.java:687)
2016-04-07T06:17:41.278Z WSH-3290 04-07 15:17:41.278  1669  1726 W ActivityManager: 	at com.android.server.AlarmManagerService.deliverAlarmsLocked(AlarmManagerService.java:1626)
2016-04-07T06:17:41.278Z WSH-3290 04-07 15:17:41.278  1669  1726 W ActivityManager: 	at com.android.server.AlarmManagerService$AlarmThread.run(AlarmManagerService.java:1772)
2016-04-06T06:17:07.371Z WSH-3290 04-06 15:17:07.371  1669  1726 W ActivityManager: java.lang.NullPointerException: Attempt to invoke virtual method 'boolean java.lang.String.equals(java.lang.Object)' on a null object reference
2016-04-06T06:17:07.371Z WSH-3290 04-06 15:17:07.371  1669  1726 W ActivityManager: 	at com.android.server.am.ActivityManagerService.isSkipAction(ActivityManagerService.java:15610)
2016-04-06T06:17:07.371Z WSH-3290 04-06 15:17:07.371  1669  1726 W ActivityManager: 	at com.android.server.am.ActivityManagerService.broadcastIntentLocked(ActivityManagerService.java:16061)
2016-04-06T06:17:07.371Z WSH-3290 04-06 15:17:07.371  1669  1726 W ActivityManager: 	at com.android.server.am.ActivityManagerService.broadcastIntentInPackage(ActivityManagerService.java:16222)
2016-04-06T06:17:07.371Z WSH-3290 04-06 15:17:07.371  1669  1726 W ActivityManager: 	at com.android.server.am.PendingIntentRecord.sendInner(PendingIntentRecord.java:272)
2016-04-06T06:17:07.371Z WSH-3290 04-06 15:17:07.371  1669  1726 W ActivityManager: 	at com.android.server.am.PendingIntentRecord.send(PendingIntentRecord.java:195)
2016-04-06T06:17:07.371Z WSH-3290 04-06 15:17:07.371  1669  1726 W ActivityManager: 	at android.app.PendingIntent.send(PendingIntent.java:733)
2016-04-06T06:17:07.371Z WSH-3290 04-06 15:17:07.371  1669  1726 W ActivityManager: 	at android.app.PendingIntent.send(PendingIntent.java:687)
2016-04-06T06:17:07.371Z WSH-3290 04-06 15:17:07.371  1669  1726 W ActivityManager: 	at com.android.server.AlarmManagerService.deliverAlarmsLocked(AlarmManagerService.java:1626)
2016-04-06T06:17:07.371Z WSH-3290 04-06 15:17:07.371  1669  1726 W ActivityManager: 	at com.android.server.AlarmManagerService$AlarmThread.run(AlarmManagerService.java:1772)
2016-04-06T15:17:07.371Z WSH-3290 04-06 15:17:07.371  1669  1726 W ActivityManager: java.lang.NullPointerException: Attempt to invoke virtual method 'boolean java.lang.String.equals(java.lang.Object)' on a null object reference
2016-04-06T15:17:07.371Z WSH-3290 04-06 15:17:07.371  1669  1726 W ActivityManager: 	at com.android.server.am.ActivityManagerService.isSkipAction(ActivityManagerService.java:15610)
2016-04-06T15:17:07.371Z WSH-3290 04-06 15:17:07.371  1669  1726 W ActivityManager: 	at com.android.server.am.ActivityManagerService.broadcastIntentLocked(ActivityManagerService.java:16061)
2016-04-06T15:17:07.371Z WSH-3290 04-06 15:17:07.371  1669  1726 W ActivityManager: 	at com.android.server.am.ActivityManagerService.broadcastIntentInPackage(ActivityManagerService.java:16222)
2016-04-06T15:17:07.371Z WSH-3290 04-06 15:17:07.371  1669  1726 W ActivityManager: 	at com.android.server.am.PendingIntentRecord.sendInner(PendingIntentRecord.java:272)
2016-04-06T15:17:07.371Z WSH-3290 04-06 15:17:07.371  1669  1726 W ActivityManager: 	at com.android.server.am.PendingIntentRecord.send(PendingIntentRecord.java:195)
2016-04-06T15:17:07.371Z WSH-3290 04-06 15:17:07.371  1669  1726 W ActivityManager: 	at android.app.PendingIntent.send(PendingIntent.java:733)
2016-04-06T15:17:07.371Z WSH-3290 04-06 15:17:07.371  1669  1726 W ActivityManager: 	at android.app.PendingIntent.send(PendingIntent.java:687)
2016-04-06T15:17:07.371Z WSH-3290 04-06 15:17:07.371  1669  1726 W ActivityManager: 	at com.android.server.AlarmManagerService.deliverAlarmsLocked(AlarmManagerService.java:1626)
2016-04-06T15:17:07.371Z WSH-3290 04-06 15:17:07.371  1669  1726 W ActivityManager: 	at com.android.server.AlarmManagerService$AlarmThread.run(AlarmManagerService.java:1772)
2016-04-06T15:17:07.371Z WSH-3290 04-06 15:17:07.371  1669  1726 W ActivityManager: java.lang.NullPointerException: Attempt to invoke virtual method 'boolean java.lang.String.equals(java.lang.Object)' on a null object reference
2016-04-06T15:17:07.371Z WSH-3290 04-06 15:17:07.371  1669  1726 W ActivityManager: 	at com.android.server.am.ActivityManagerService.isSkipAction(ActivityManagerService.java:15610)
2016-04-06T15:17:07.371Z WSH-3290 04-06 15:17:07.371  1669  1726 W ActivityManager: 	at com.android.server.am.ActivityManagerService.broadcastIntentLocked(ActivityManagerService.java:16061)
2016-04-06T15:17:07.371Z WSH-3290 04-06 15:17:07.371  1669  1726 W ActivityManager: 	at com.android.server.am.ActivityManagerService.broadcastIntentInPackage(ActivityManagerService.java:16222)
2016-04-06T15:17:07.371Z WSH-3290 04-06 15:17:07.371  1669  1726 W ActivityManager: 	at com.android.server.am.PendingIntentRecord.sendInner(PendingIntentRecord.java:272)
2016-04-06T15:17:07.371Z WSH-3290 04-06 15:17:07.371  1669  1726 W ActivityManager: 	at com.android.server.am.PendingIntentRecord.send(PendingIntentRecord.java:195)
2016-04-06T15:17:07.371Z WSH-3290 04-06 15:17:07.371  1669  1726 W ActivityManager: 	at android.app.PendingIntent.send(PendingIntent.java:733)
2016-04-06T15:17:07.371Z WSH-3290 04-06 15:17:07.371  1669  1726 W ActivityManager: 	at android.app.PendingIntent.send(PendingIntent.java:687)
2016-04-06T15:17:07.371Z WSH-3290 04-06 15:17:07.371  1669  1726 W ActivityManager: 	at com.android.server.AlarmManagerService.deliverAlarmsLocked(AlarmManagerService.java:1626)
2016-04-06T15:17:07.371Z WSH-3290 04-06 15:17:07.371  1669  1726 W ActivityManager: 	at com.android.server.AlarmManagerService$AlarmThread.run(AlarmManagerService.java:1772)
2016-04-07T15:17:41.278Z WSH-3290 04-07 15:17:41.278  1669  1726 W ActivityManager: java.lang.NullPointerException: Attempt to invoke virtual method 'boolean java.lang.String.equals(java.lang.Object)' on a null object reference
2016-04-07T15:17:41.278Z WSH-3290 04-07 15:17:41.278  1669  1726 W ActivityManager: 	at com.android.server.am.ActivityManagerService.isSkipAction(ActivityManagerService.java:15610)
2016-04-07T15:17:41.278Z WSH-3290 04-07 15:17:41.278  1669  1726 W ActivityManager: 	at com.android.server.am.ActivityManagerService.broadcastIntentLocked(ActivityManagerService.java:16061)
2016-04-07T15:17:41.278Z WSH-3290 04-07 15:17:41.278  1669  1726 W ActivityManager: 	at com.android.server.am.ActivityManagerService.broadcastIntentInPackage(ActivityManagerService.java:16222)
2016-04-07T15:17:41.278Z WSH-3290 04-07 15:17:41.278  1669  1726 W ActivityManager: 	at com.android.server.am.PendingIntentRecord.sendInner(PendingIntentRecord.java:272)
2016-04-07T15:17:41.278Z WSH-3290 04-07 15:17:41.278  1669  1726 W ActivityManager: 	at com.android.server.am.PendingIntentRecord.send(PendingIntentRecord.java:195)
2016-04-07T15:17:41.278Z WSH-3290 04-07 15:17:41.278  1669  1726 W ActivityManager: 	at android.app.PendingIntent.send(PendingIntent.java:733)
2016-04-07T15:17:41.278Z WSH-3290 04-07 15:17:41.278  1669  1726 W ActivityManager: 	at android.app.PendingIntent.send(PendingIntent.java:687)
2016-04-07T15:17:41.278Z WSH-3290 04-07 15:17:41.278  1669  1726 W ActivityManager: 	at com.android.server.AlarmManagerService.deliverAlarmsLocked(AlarmManagerService.java:1626)
2016-04-07T15:17:41.278Z WSH-3290 04-07 15:17:41.278  1669  1726 W ActivityManager: 	at com.android.server.AlarmManagerService$AlarmThread.run(AlarmManagerService.java:1772)
2016-04-06T15:17:07.371Z WSH-3290 04-06 15:17:07.371  1669  1726 W ActivityManager: java.lang.NullPointerException: Attempt to invoke virtual method 'boolean java.lang.String.equals(java.lang.Object)' on a null object reference
2016-04-06T15:17:07.371Z WSH-3290 04-06 15:17:07.371  1669  1726 W ActivityManager: 	at com.android.server.am.ActivityManagerService.isSkipAction(ActivityManagerService.java:15610)
2016-04-06T15:17:07.371Z WSH-3290 04-06 15:17:07.371  1669  1726 W ActivityManager: 	at com.android.server.am.ActivityManagerService.broadcastIntentLocked(ActivityManagerService.java:16061)
2016-04-06T15:17:07.371Z WSH-3290 04-06 15:17:07.371  1669  1726 W ActivityManager: 	at com.android.server.am.ActivityManagerService.broadcastIntentInPackage(ActivityManagerService.java:16222)
2016-04-06T15:17:07.371Z WSH-3290 04-06 15:17:07.371  1669  1726 W ActivityManager: 	at com.android.server.am.PendingIntentRecord.sendInner(PendingIntentRecord.java:272)
2016-04-06T15:17:07.371Z WSH-3290 04-06 15:17:07.371  1669  1726 W ActivityManager: 	at com.android.server.am.PendingIntentRecord.send(PendingIntentRecord.java:195)
2016-04-06T15:17:07.371Z WSH-3290 04-06 15:17:07.371  1669  1726 W ActivityManager: 	at android.app.PendingIntent.send(PendingIntent.java:733)
2016-04-06T15:17:07.371Z WSH-3290 04-06 15:17:07.371  1669  1726 W ActivityManager: 	at android.app.PendingIntent.send(PendingIntent.java:687)
2016-04-06T15:17:07.371Z WSH-3290 04-06 15:17:07.371  1669  1726 W ActivityManager: 	at com.android.server.AlarmManagerService.deliverAlarmsLocked(AlarmManagerService.java:1626)
2016-04-06T15:17:07.371Z WSH-3290 04-06 15:17:07.371  1669  1726 W ActivityManager: 	at com.android.server.AlarmManagerService$AlarmThread.run(AlarmManagerService.java:1772)
2016-04-06T07:17:07.371Z WSH-3290 04-06 15:17:07.371  1669  1726 W ActivityManager: java.lang.NullPointerException: Attempt to invoke virtual method 'boolean java.lang.String.equals(java.lang.Object)' on a null object reference
2016-04-06T07:17:07.371Z WSH-3290 04-06 15:17:07.371  1669  1726 W ActivityManager: 	at com.android.server.am.ActivityManagerService.isSkipAction(ActivityManagerService.java:15610)
2016-04-06T07:17:07.371Z WSH-3290 04-06 15:17:07.371  1669  1726 W ActivityManager: 	at com.android.server.am.ActivityManagerService.broadcastIntentLocked(ActivityManagerService.java:16061)
2016-04-06T07:17:07.371Z WSH-3290 04-06 15:17:07.371  1669  1726 W ActivityManager: 	at com.android.server.am.ActivityManagerService.broadcastIntentInPackage(ActivityManagerService.java:16222)
2016-04-06T07:17:07.371Z WSH-3290 04-06 15:17:07.371  1669  1726 W ActivityManager: 	at com.android.server.am.PendingIntentRecord.sendInner(PendingIntentRecord.java:272)
2016-04-06T07:17:07.371Z WSH-3290 04-06 15:17:07.371  1669  1726 W ActivityManager: 	at com.android.server.am.PendingIntentRecord.send(PendingIntentRecord.java:195)
2016-04-06T07:17:07.371Z WSH-3290 04-06 15:17:07.371  1669  1726 W ActivityManager: 	at android.app.PendingIntent.send(PendingIntent.java:733)
2016-04-06T07:17:07.371Z WSH-3290 04-06 15:17:07.371  1669  1726 W ActivityManager: 	at android.app.PendingIntent.send(PendingIntent.java:687)
2016-04-06T07:17:07.371Z WSH-3290 04-06 15:17:07.371  1669  1726 W ActivityManager: 	at com.android.server.AlarmManagerService.deliverAlarmsLocked(AlarmManagerService.java:1626)
2016-04-06T07:17:07.371Z WSH-3290 04-06 15:17:07.371  1669  1726 W ActivityManager: 	at com.android.server.AlarmManagerService$AlarmThread.run(AlarmManagerService.java:1772)
2016-04-06T07:17:07.371Z WSH-3290 04-06 15:17:07.371  1669  1726 W ActivityManager: java.lang.NullPointerException: Attempt to invoke virtual method 'boolean java.lang.String.equals(java.lang.Object)' on a null object reference
2016-04-06T07:17:07.371Z WSH-3290 04-06 15:17:07.371  1669  1726 W ActivityManager: 	at com.android.server.am.ActivityManagerService.isSkipAction(ActivityManagerService.java:15610)
2016-04-06T07:17:07.371Z WSH-3290 04-06 15:17:07.371  1669  1726 W ActivityManager: 	at com.android.server.am.ActivityManagerService.broadcastIntentLocked(ActivityManagerService.java:16061)
2016-04-06T07:17:07.371Z WSH-3290 04-06 15:17:07.371  1669  1726 W ActivityManager: 	at com.android.server.am.ActivityManagerService.broadcastIntentInPackage(ActivityManagerService.java:16222)
2016-04-06T07:17:07.371Z WSH-3290 04-06 15:17:07.371  1669  1726 W ActivityManager: 	at com.android.server.am.PendingIntentRecord.sendInner(PendingIntentRecord.java:272)
2016-04-06T07:17:07.371Z WSH-3290 04-06 15:17:07.371  1669  1726 W ActivityManager: 	at com.android.server.am.PendingIntentRecord.send(PendingIntentRecord.java:195)
2016-04-06T07:17:07.371Z WSH-3290 04-06 15:17:07.371  1669  1726 W ActivityManager: 	at android.app.PendingIntent.send(PendingIntent.java:733)
2016-04-06T07:17:07.371Z WSH-3290 04-06 15:17:07.371  1669  1726 W ActivityManager: 	at android.app.PendingIntent.send(PendingIntent.java:687)
2016-04-06T07:17:07.371Z WSH-3290 04-06 15:17:07.371  1669  1726 W ActivityManager: 	at com.android.server.AlarmManagerService.deliverAlarmsLocked(AlarmManagerService.java:1626)
2016-04-06T07:17:07.371Z WSH-3290 04-06 15:17:07.371  1669  1726 W ActivityManager: 	at com.android.server.AlarmManagerService$AlarmThread.run(AlarmManagerService.java:1772)
2016-04-07T07:17:41.278Z WSH-3290 04-07 15:17:41.278  1669  1726 W ActivityManager: java.lang.NullPointerException: Attempt to invoke virtual method 'boolean java.lang.String.equals(java.lang.Object)' on a null object reference
2016-04-07T07:17:41.278Z WSH-3290 04-07 15:17:41.278  1669  1726 W ActivityManager: 	at com.android.server.am.ActivityManagerService.isSkipAction(ActivityManagerService.java:15610)
2016-04-07T07:17:41.278Z WSH-3290 04-07 15:17:41.278  1669  1726 W ActivityManager: 	at com.android.server.am.ActivityManagerService.broadcastIntentLocked(ActivityManagerService.java:16061)
2016-04-07T07:17:41.278Z WSH-3290 04-07 15:17:41.278  1669  1726 W ActivityManager: 	at com.android.server.am.ActivityManagerService.broadcastIntentInPackage(ActivityManagerService.java:16222)
2016-04-07T07:17:41.278Z WSH-3290 04-07 15:17:41.278  1669  1726 W ActivityManager: 	at com.android.server.am.PendingIntentRecord.sendInner(PendingIntentRecord.java:272)
2016-04-07T07:17:41.278Z WSH-3290 04-07 15:17:41.278  1669  1726 W ActivityManager: 	at com.android.server.am.PendingIntentRecord.send(PendingIntentRecord.java:195)
2016-04-07T07:17:41.278Z WSH-3290 04-07 15:17:41.278  1669  1726 W ActivityManager: 	at android.app.PendingIntent.send(PendingIntent.java:733)
2016-04-07T07:17:41.278Z WSH-3290 04-07 15:17:41.278  1669  1726 W ActivityManager: 	at android.app.PendingIntent.send(PendingIntent.java:687)
2016-04-07T07:17:41.278Z WSH-3290 04-07 15:17:41.278  1669  1726 W ActivityManager: 	at com.android.server.AlarmManagerService.deliverAlarmsLocked(AlarmManagerService.java:1626)
2016-04-07T07:17:41.278Z WSH-3290 04-07 15:17:41.278  1669  1726 W ActivityManager: 	at com.android.server.AlarmManagerService$AlarmThread.run(AlarmManagerService.java:1772)
2016-04-06T07:17:07.371Z WSH-3290 04-06 15:17:07.371  1669  1726 W ActivityManager: java.lang.NullPointerException: Attempt to invoke virtual method 'boolean java.lang.String.equals(java.lang.Object)' on a null object reference
2016-04-06T07:17:07.371Z WSH-3290 04-06 15:17:07.371  1669  1726 W ActivityManager: 	at com.android.server.am.ActivityManagerService.isSkipAction(ActivityManagerService.java:15610)
2016-04-06T07:17:07.371Z WSH-3290 04-06 15:17:07.371  1669  1726 W ActivityManager: 	at com.android.server.am.ActivityManagerService.broadcastIntentLocked(ActivityManagerService.java:16061)
2016-04-06T07:17:07.371Z WSH-3290 04-06 15:17:07.371  1669  1726 W ActivityManager: 	at com.android.server.am.ActivityManagerService.broadcastIntentInPackage(ActivityManagerService.java:16222)
2016-04-06T07:17:07.371Z WSH-3290 04-06 15:17:07.371  1669  1726 W ActivityManager: 	at com.android.server.am.PendingIntentRecord.sendInner(PendingIntentRecord.java:272)
2016-04-06T07:17:07.371Z WSH-3290 04-06 15:17:07.371  1669  1726 W ActivityManager: 	at com.android.server.am.PendingIntentRecord.send(PendingIntentRecord.java:195)
2016-04-06T07:17:07.371Z WSH-3290 04-06 15:17:07.371  1669  1726 W ActivityManager: 	at android.app.PendingIntent.send(PendingIntent.java:733)
2016-04-06T07:17:07.371Z WSH-3290 04-06 15:17:07.371  1669  1726 W ActivityManager: 	at android.app.PendingIntent.send(PendingIntent.java:687)
2016-04-06T07:17:07.371Z WSH-3290 04-06 15:17:07.371  1669  1726 W ActivityManager: 	at com.android.server.AlarmManagerService.deliverAlarmsLocked(AlarmManagerService.java:1626)
2016-04-06T07:17:07.371Z WSH-3290 04-06 15:17:07.371  1669  1726 W ActivityManager: 	at com.android.server.AlarmManagerService$AlarmThread.run(AlarmManagerService.java:1772)
2016-04-06T07:17:07.371Z WSH-3290 04-06 15:17:07.371  1669  1726 W ActivityManager: java.lang.NullPointerException: Attempt to invoke virtual method 'boolean java.lang.String.equals(java.lang.Object)' on a null object reference
2016-04-06T07:17:07.371Z WSH-3290 04-06 15:17:07.371  1669  1726 W ActivityManager: 	at com.android.server.am.ActivityManagerService.isSkipAction(ActivityManagerService.java:15610)
2016-04-06T07:17:07.371Z WSH-3290 04-06 15:17:07.371  1669  1726 W ActivityManager: 	at com.android.server.am.ActivityManagerService.broadcastIntentLocked(ActivityManagerService.java:16061)
2016-04-06T07:17:07.371Z WSH-3290 04-06 15:17:07.371  1669  1726 W ActivityManager: 	at com.android.server.am.ActivityManagerService.broadcastIntentInPackage(ActivityManagerService.java:16222)
2016-04-06T07:17:07.371Z WSH-3290 04-06 15:17:07.371  1669  1726 W ActivityManager: 	at com.android.server.am.PendingIntentRecord.sendInner(PendingIntentRecord.java:272)
2016-04-06T07:17:07.371Z WSH-3290 04-06 15:17:07.371  1669  1726 W ActivityManager: 	at com.android.server.am.PendingIntentRecord.send(PendingIntentRecord.java:195)
2016-04-06T07:17:07.371Z WSH-3290 04-06 15:17:07.371  1669  1726 W ActivityManager: 	at android.app.PendingIntent.send(PendingIntent.java:733)
2016-04-06T07:17:07.371Z WSH-3290 04-06 15:17:07.371  1669  1726 W ActivityManager: 	at android.app.PendingIntent.send(PendingIntent.java:687)
2016-04-06T07:17:07.371Z WSH-3290 04-06 15:17:07.371  1669  1726 W ActivityManager: 	at com.android.server.AlarmManagerService.deliverAlarmsLocked(AlarmManagerService.java:1626)
2016-04-06T07:17:07.371Z WSH-3290 04-06 15:17:07.371  1669  1726 W ActivityManager: 	at com.android.server.AlarmManagerService$AlarmThread.run(AlarmManagerService.java:1772)
2016-04-06T07:17:07.371Z WSH-3290 04-06 15:17:07.371  1669  1726 W ActivityManager: java.lang.NullPointerException: Attempt to invoke virtual method 'boolean java.lang.String.equals(java.lang.Object)' on a null object reference
2016-04-06T07:17:07.371Z WSH-3290 04-06 15:17:07.371  1669  1726 W ActivityManager: 	at com.android.server.am.ActivityManagerService.isSkipAction(ActivityManagerService.java:15610)
2016-04-06T07:17:07.371Z WSH-3290 04-06 15:17:07.371  1669  1726 W ActivityManager: 	at com.android.server.am.ActivityManagerService.broadcastIntentLocked(ActivityManagerService.java:16061)
2016-04-06T07:17:07.371Z WSH-3290 04-06 15:17:07.371  1669  1726 W ActivityManager: 	at com.android.server.am.ActivityManagerService.broadcastIntentInPackage(ActivityManagerService.java:16222)
2016-04-06T07:17:07.371Z WSH-3290 04-06 15:17:07.371  1669  1726 W ActivityManager: 	at com.android.server.am.PendingIntentRecord.sendInner(PendingIntentRecord.java:272)
2016-04-06T07:17:07.371Z WSH-3290 04-06 15:17:07.371  1669  1726 W ActivityManager: 	at com.android.server.am.PendingIntentRecord.send(PendingIntentRecord.java:195)
2016-04-06T07:17:07.371Z WSH-3290 04-06 15:17:07.371  1669  1726 W ActivityManager: 	at android.app.PendingIntent.send(PendingIntent.java:733)
2016-04-06T07:17:07.371Z WSH-3290 04-06 15:17:07.371  1669  1726 W ActivityManager: 	at android.app.PendingIntent.send(PendingIntent.java:687)
2016-04-06T07:17:07.371Z WSH-3290 04-06 15:17:07.371  1669  1726 W ActivityManager: 	at com.android.server.AlarmManagerService.deliverAlarmsLocked(AlarmManagerService.java:1626)
2016-04-06T07:17:07.371Z WSH-3290 04-06 15:17:07.371  1669  1726 W ActivityManager: 	at com.android.server.AlarmManagerService$AlarmThread.run(AlarmManagerService.java:1772)
2016-04-07T07:17:41.278Z WSH-3290 04-07 15:17:41.278  1669  1726 W ActivityManager: java.lang.NullPointerException: Attempt to invoke virtual method 'boolean java.lang.String.equals(java.lang.Object)' on a null object reference
2016-04-07T07:17:41.278Z WSH-3290 04-07 15:17:41.278  1669  1726 W ActivityManager: 	at com.android.server.am.ActivityManagerService.isSkipAction(ActivityManagerService.java:15610)
2016-04-07T07:17:41.278Z WSH-3290 04-07 15:17:41.278  1669  1726 W ActivityManager: 	at com.android.server.am.ActivityManagerService.broadcastIntentLocked(ActivityManagerService.java:16061)
2016-04-07T07:17:41.278Z WSH-3290 04-07 15:17:41.278  1669  1726 W ActivityManager: 	at com.android.server.am.ActivityManagerService.broadcastIntentInPackage(ActivityManagerService.java:16222)
2016-04-07T07:17:41.278Z WSH-3290 04-07 15:17:41.278  1669  1726 W ActivityManager: 	at com.android.server.am.PendingIntentRecord.sendInner(PendingIntentRecord.java:272)
2016-04-07T07:17:41.278Z WSH-3290 04-07 15:17:41.278  1669  1726 W ActivityManager: 	at com.android.server.am.PendingIntentRecord.send(PendingIntentRecord.java:195)
2016-04-07T07:17:41.278Z WSH-3290 04-07 15:17:41.278  1669  1726 W ActivityManager: 	at android.app.PendingIntent.send(PendingIntent.java:733)
2016-04-07T07:17:41.278Z WSH-3290 04-07 15:17:41.278  1669  1726 W ActivityManager: 	at android.app.PendingIntent.send(PendingIntent.java:687)
2016-04-07T07:17:41.278Z WSH-3290 04-07 15:17:41.278  1669  1726 W ActivityManager: 	at com.android.server.AlarmManagerService.deliverAlarmsLocked(AlarmManagerService.java:1626)
2016-04-07T07:17:41.278Z WSH-3290 04-07 15:17:41.278  1669  1726 W ActivityManager: 	at com.android.server.AlarmManagerService$AlarmThread.run(AlarmManagerService.java:1772)
2016-04-06T07:17:07.371Z WSH-3290 04-06 15:17:07.371  1669  1726 W ActivityManager: java.lang.NullPointerException: Attempt to invoke virtual method 'boolean java.lang.String.equals(java.lang.Object)' on a null object reference
2016-04-06T07:17:07.371Z WSH-3290 04-06 15:17:07.371  1669  1726 W ActivityManager: 	at com.android.server.am.ActivityManagerService.isSkipAction(ActivityManagerService.java:15610)
2016-04-06T07:17:07.371Z WSH-3290 04-06 15:17:07.371  1669  1726 W ActivityManager: 	at com.android.server.am.ActivityManagerService.broadcastIntentLocked(ActivityManagerService.java:16061)
2016-04-06T07:17:07.371Z WSH-3290 04-06 15:17:07.371  1669  1726 W ActivityManager: 	at com.android.server.am.ActivityManagerService.broadcastIntentInPackage(ActivityManagerService.java:16222)
2016-04-06T07:17:07.371Z WSH-3290 04-06 15:17:07.371  1669  1726 W ActivityManager: 	at com.android.server.am.PendingIntentRecord.sendInner(PendingIntentRecord.java:272)
2016-04-06T07:17:07.371Z WSH-3290 04-06 15:17:07.371  1669  1726 W ActivityManager: 	at com.android.server.am.PendingIntentRecord.send(PendingIntentRecord.java:195)
2016-04-06T07:17:07.371Z WSH-3290 04-06 15:17:07.371  1669  1726 W ActivityManager: 	at android.app.PendingIntent.send(PendingIntent.java:733)
2016-04-06T07:17:07.371Z WSH-3290 04-06 15:17:07.371  1669  1726 W ActivityManager: 	at android.app.PendingIntent.send(PendingIntent.java:687)
2016-04-06T07:17:07.371Z WSH-3290 04-06 15:17:07.371  1669  1726 W ActivityManager: 	at com.android.server.AlarmManagerService.deliverAlarmsLocked(AlarmManagerService.java:1626)
2016-04-06T07:17:07.371Z WSH-3290 04-06 15:17:07.371  1669  1726 W ActivityManager: 	at com.android.server.AlarmManagerService$AlarmThread.run(AlarmManagerService.java:1772)
